2023-06-15T13:19:57.039+03:00  INFO 16944 --- [restartedMain] c.a.TechCareerFullStackApplication       : Starting TechCareerFullStackApplication using Java 20.0.1 with PID 16944 (D:\Coding\BOOTCAMP\TechCareer_FullStack\target\classes started by aliyt in D:\Coding\BOOTCAMP\TechCareer_FullStack)
2023-06-15T13:19:57.055+03:00  INFO 16944 --- [restartedMain] c.a.TechCareerFullStackApplication       : The following 1 profile is active: "frontend"
2023-06-15T13:19:57.185+03:00  INFO 16944 --- [restartedMain] .e.DevToolsPropertyDefaultsPostProcessor : Devtools property defaults active! Set 'spring.devtools.add-properties' to 'false' to disable
2023-06-15T13:19:57.185+03:00  INFO 16944 --- [restartedMain] .e.DevToolsPropertyDefaultsPostProcessor : For additional web related logging consider setting the 'logging.level.web' property to 'DEBUG'
2023-06-15T13:19:59.704+03:00  INFO 16944 --- [restartedMain] .s.d.r.c.RepositoryConfigurationDelegate : Bootstrapping Spring Data JPA repositories in DEFAULT mode.
2023-06-15T13:19:59.764+03:00  INFO 16944 --- [restartedMain] .s.d.r.c.RepositoryConfigurationDelegate : Finished Spring Data repository scanning in 38 ms. Found 0 JPA repository interfaces.
2023-06-15T13:20:01.344+03:00  INFO 16944 --- [restartedMain] o.s.b.w.embedded.tomcat.TomcatWebServer  : Tomcat initialized with port(s): 3333 (http)
2023-06-15T13:20:01.364+03:00  INFO 16944 --- [restartedMain] o.apache.catalina.core.StandardService   : Starting service [Tomcat]
2023-06-15T13:20:01.365+03:00  INFO 16944 --- [restartedMain] o.apache.catalina.core.StandardEngine    : Starting Servlet engine: [Apache Tomcat/10.1.8]
2023-06-15T13:20:01.507+03:00  INFO 16944 --- [restartedMain] o.a.c.c.C.[Tomcat].[localhost].[/]       : Initializing Spring embedded WebApplicationContext
2023-06-15T13:20:01.508+03:00  INFO 16944 --- [restartedMain] w.s.c.ServletWebServerApplicationContext : Root WebApplicationContext: initialization completed in 4321 ms
2023-06-15T13:20:01.712+03:00  INFO 16944 --- [restartedMain] com.zaxxer.hikari.HikariDataSource       : HikariPool-1 - Starting...
2023-06-15T13:20:02.213+03:00  INFO 16944 --- [restartedMain] com.zaxxer.hikari.pool.HikariPool        : HikariPool-1 - Added connection conn0: url=jdbc:h2:file:./memory_persist/blog user=SA
2023-06-15T13:20:02.216+03:00  INFO 16944 --- [restartedMain] com.zaxxer.hikari.HikariDataSource       : HikariPool-1 - Start completed.
2023-06-15T13:20:02.239+03:00  INFO 16944 --- [restartedMain] o.s.b.a.h2.H2ConsoleAutoConfiguration    : H2 console available at '/h2-console'. Database available at 'jdbc:h2:file:./memory_persist/blog'
2023-06-15T13:20:02.323+03:00 DEBUG 16944 --- [restartedMain] o.s.w.f.ServerHttpObservationFilter      : Filter 'webMvcObservationFilter' configured for use
2023-06-15T13:20:02.324+03:00 DEBUG 16944 --- [restartedMain] o.s.w.s.r.ResourceUrlEncodingFilter      : Filter 'resourceUrlEncodingFilter' configured for use
2023-06-15T13:20:03.299+03:00  INFO 16944 --- [restartedMain] o.s.o.j.p.SpringPersistenceUnitInfo      : No LoadTimeWeaver setup: ignoring JPA class transformer
2023-06-15T13:20:03.998+03:00  INFO 16944 --- [restartedMain] j.LocalContainerEntityManagerFactoryBean : Initialized JPA EntityManagerFactory for persistence unit 'default'
2023-06-15T13:20:04.479+03:00  WARN 16944 --- [restartedMain] JpaBaseConfiguration$JpaWebConfiguration : spring.jpa.open-in-view is enabled by default. Therefore, database queries may be performed during view rendering. Explicitly configure spring.jpa.open-in-view to disable this warning
2023-06-15T13:20:04.728+03:00 DEBUG 16944 --- [restartedMain] s.w.s.m.m.a.RequestMappingHandlerAdapter : ControllerAdvice beans: 0 @ModelAttribute, 0 @InitBinder, 1 RequestBodyAdvice, 1 ResponseBodyAdvice
2023-06-15T13:20:04.926+03:00 DEBUG 16944 --- [restartedMain] s.w.s.m.m.a.RequestMappingHandlerMapping : 7 mappings in 'requestMappingHandlerMapping'
2023-06-15T13:20:06.101+03:00 DEBUG 16944 --- [restartedMain] o.s.w.s.handler.SimpleUrlHandlerMapping  : Patterns [/webjars/**, /**, /swagger-ui*/*swagger-initializer.js, /swagger-ui*/**] in 'resourceHandlerMapping'
2023-06-15T13:20:06.119+03:00 DEBUG 16944 --- [restartedMain] .m.m.a.ExceptionHandlerExceptionResolver : ControllerAdvice beans: 1 @ExceptionHandler, 1 ResponseBodyAdvice
2023-06-15T13:20:06.190+03:00  WARN 16944 --- [restartedMain] ion$DefaultTemplateResolverConfiguration : Cannot find template location: classpath:/templates/ (please add some templates, check your Thymeleaf configuration, or set spring.thymeleaf.check-template-location=false)
2023-06-15T13:20:07.025+03:00  INFO 16944 --- [restartedMain] o.s.b.d.a.OptionalLiveReloadServer       : LiveReload server is running on port 35729
2023-06-15T13:20:07.179+03:00  INFO 16944 --- [restartedMain] o.s.b.w.embedded.tomcat.TomcatWebServer  : Tomcat started on port(s): 3333 (http) with context path ''
2023-06-15T13:20:07.363+03:00  INFO 16944 --- [restartedMain] o.s.b.w.embedded.tomcat.TomcatWebServer  : Tomcat initialized with port(s): 9999 (http)
2023-06-15T13:20:07.365+03:00  INFO 16944 --- [restartedMain] o.apache.catalina.core.StandardService   : Starting service [Tomcat]
2023-06-15T13:20:07.365+03:00  INFO 16944 --- [restartedMain] o.apache.catalina.core.StandardEngine    : Starting Servlet engine: [Apache Tomcat/10.1.8]
2023-06-15T13:20:07.418+03:00  INFO 16944 --- [restartedMain] o.a.c.c.C.[Tomcat-1].[localhost].[/]     : Initializing Spring embedded WebApplicationContext
2023-06-15T13:20:07.419+03:00  INFO 16944 --- [restartedMain] w.s.c.ServletWebServerApplicationContext : Root WebApplicationContext: initialization completed in 233 ms
2023-06-15T13:20:07.446+03:00  INFO 16944 --- [restartedMain] o.s.b.a.e.web.EndpointLinksResolver      : Exposing 15 endpoint(s) beneath base path '/admin'
2023-06-15T13:20:07.487+03:00 DEBUG 16944 --- [restartedMain] s.w.s.m.m.a.RequestMappingHandlerMapping : 1 mappings in 'requestMappingHandlerMapping'
2023-06-15T13:20:08.135+03:00 DEBUG 16944 --- [restartedMain] o.s.w.s.handler.SimpleUrlHandlerMapping  : Patterns [/webjars/**, /**, /swagger-ui*/*swagger-initializer.js, /swagger-ui*/**] in 'resourceHandlerMapping'
2023-06-15T13:20:08.151+03:00 DEBUG 16944 --- [restartedMain] s.w.s.m.m.a.RequestMappingHandlerAdapter : ControllerAdvice beans: 0 @ModelAttribute, 0 @InitBinder, 1 RequestBodyAdvice, 1 ResponseBodyAdvice
2023-06-15T13:20:08.167+03:00  INFO 16944 --- [restartedMain] o.s.b.w.embedded.tomcat.TomcatWebServer  : Tomcat started on port(s): 9999 (http) with context path ''
2023-06-15T13:20:08.195+03:00  INFO 16944 --- [restartedMain] c.a.TechCareerFullStackApplication       : Started TechCareerFullStackApplication in 12.212 seconds (process running for 13.932)
2023-06-15T13:21:06.198+03:00  INFO 16944 --- [SpringApplicationShutdownHook] j.LocalContainerEntityManagerFactoryBean : Closing JPA EntityManagerFactory for persistence unit 'default'
2023-06-15T13:21:06.208+03:00  INFO 16944 --- [SpringApplicationShutdownHook] com.zaxxer.hikari.HikariDataSource       : HikariPool-1 - Shutdown initiated...
2023-06-15T13:21:06.214+03:00  INFO 16944 --- [SpringApplicationShutdownHook] com.zaxxer.hikari.HikariDataSource       : HikariPool-1 - Shutdown completed.
